<?xml version="1.0" encoding="UTF-8"?>
<testsuite xmlns:xsi="http://www.w3.org/2001/XMLSchema-instance" xsi:noNamespaceSchemaLocation="https://maven.apache.org/surefire/maven-surefire-plugin/xsd/surefire-test-report.xsd" version="3.0.2" name="com.project.hstime.HstimeApplicationTests" time="5.154" tests="1" errors="0" skipped="0" failures="0">
  <properties>
[...]
</properties>
  <testcase name="contextLoads" classname="com.project.hstime.HstimeApplicationTests" time="0.258">
    <system-out><![CDATA[15:13:00.535 [main] INFO org.springframework.test.context.support.AnnotationConfigContextLoaderUtils -- Could not detect default configuration classes for test class [com.project.hstime.HstimeApplicationTests]: HstimeApplicationTests does not declare any static, non-private, non-final, nested classes annotated with @Configuration.
15:13:00.614 [main] INFO org.springframework.boot.test.context.SpringBootTestContextBootstrapper -- Found @SpringBootConfiguration com.project.hstime.HstimeApplication for test class com.project.hstime.HstimeApplicationTests

  .   ____          _            __ _ _
 /\\ / ___'_ __ _ _(_)_ __  __ _ \ \ \ \
( ( )\___ | '_ | '_| | '_ \/ _` | \ \ \ \
 \\/  ___)| |_)| | | | | || (_| |  ) ) ) )
  '  |____| .__|_| |_|_| |_\__, | / / / /
 =========|_|==============|___/=/_/_/_/

 :: Spring Boot ::                (v3.4.4)

2025-04-07T15:13:00.979+02:00  INFO 51020 --- [hstime] [           main] c.project.hstime.HstimeApplicationTests  : Starting HstimeApplicationTests using Java 17.0.12 with PID 51020 (started by edgar in C:\Users\edgar\Documents\Proyecto Practicas\hstime)
2025-04-07T15:13:00.980+02:00  INFO 51020 --- [hstime] [           main] c.project.hstime.HstimeApplicationTests  : No active profile set, falling back to 1 default profile: "default"
2025-04-07T15:13:01.669+02:00  INFO 51020 --- [hstime] [           main] .s.d.r.c.RepositoryConfigurationDelegate : Bootstrapping Spring Data JPA repositories in DEFAULT mode.
2025-04-07T15:13:01.734+02:00  INFO 51020 --- [hstime] [           main] .s.d.r.c.RepositoryConfigurationDelegate : Finished Spring Data repository scanning in 56 ms. Found 4 JPA repository interfaces.
2025-04-07T15:13:02.292+02:00  INFO 51020 --- [hstime] [           main] o.hibernate.jpa.internal.util.LogHelper  : HHH000204: Processing PersistenceUnitInfo [name: default]
2025-04-07T15:13:02.343+02:00  INFO 51020 --- [hstime] [           main] org.hibernate.Version                    : HHH000412: Hibernate ORM core version 6.6.11.Final
2025-04-07T15:13:02.361+02:00  INFO 51020 --- [hstime] [           main] o.h.spatial.integration.SpatialService   : HHH80000001: hibernate-spatial integration enabled : true
2025-04-07T15:13:02.388+02:00  INFO 51020 --- [hstime] [           main] o.h.c.internal.RegionFactoryInitiator    : HHH000026: Second-level cache disabled
2025-04-07T15:13:02.593+02:00  INFO 51020 --- [hstime] [           main] com.zaxxer.hikari.HikariDataSource       : HikariPool-1 - Starting...
2025-04-07T15:13:02.742+02:00  INFO 51020 --- [hstime] [           main] com.zaxxer.hikari.pool.HikariPool        : HikariPool-1 - Added connection com.mysql.cj.jdbc.ConnectionImpl@6c6379c
2025-04-07T15:13:02.743+02:00  INFO 51020 --- [hstime] [           main] com.zaxxer.hikari.HikariDataSource       : HikariPool-1 - Start completed.
2025-04-07T15:13:02.764+02:00  WARN 51020 --- [hstime] [           main] org.hibernate.dialect.Dialect            : HHH000511: The 5.5.5 version for [org.hibernate.dialect.MySQLDialect] is no longer supported, hence certain features may not work properly. The minimum supported version is 8.0.0. Check the community dialects project for available legacy versions.
2025-04-07T15:13:02.768+02:00  WARN 51020 --- [hstime] [           main] org.hibernate.orm.deprecation            : HHH90000025: MySQLDialect does not need to be specified explicitly using 'hibernate.dialect' (remove the property setting and it will be selected by default)
2025-04-07T15:13:02.781+02:00  INFO 51020 --- [hstime] [           main] org.hibernate.orm.connections.pooling    : HHH10001005: Database info:
	Database JDBC URL [Connecting through datasource 'HikariDataSource (HikariPool-1)']
	Database driver: undefined/unknown
	Database version: 5.5.5
	Autocommit mode: undefined/unknown
	Isolation level: undefined/unknown
	Minimum pool size: undefined/unknown
	Maximum pool size: undefined/unknown
2025-04-07T15:13:02.790+02:00  INFO 51020 --- [hstime] [           main] org.hibernate.spatial                    : HHH80000003: hibernate-spatial adding type contributions from : org.hibernate.spatial.dialect.mysql.MySQLDialectContributor
2025-04-07T15:13:02.926+02:00  INFO 51020 --- [hstime] [           main] o.s.o.j.p.SpringPersistenceUnitInfo      : No LoadTimeWeaver setup: ignoring JPA class transformer
2025-04-07T15:13:02.938+02:00  INFO 51020 --- [hstime] [           main] org.hibernate.spatial                    : HHH80000003: hibernate-spatial adding type contributions from : org.hibernate.spatial.dialect.mysql.MySQLDialectContributor
2025-04-07T15:13:03.166+02:00  INFO 51020 --- [hstime] [           main] org.hibernate.spatial                    : HHH80000004: hibernate-spatial adding function contributions from : org.hibernate.spatial.dialect.mysql.MySQLDialectContributor
2025-04-07T15:13:03.531+02:00  INFO 51020 --- [hstime] [           main] o.h.e.t.j.p.i.JtaPlatformInitiator       : HHH000489: No JTA platform available (set 'hibernate.transaction.jta.platform' to enable JTA platform integration)
Hibernate: alter table `roles` modify column `name` enum ('ROLE_ADMINISTRADOR','ROLE_CLIENTE')
2025-04-07T15:13:03.586+02:00  INFO 51020 --- [hstime] [           main] j.LocalContainerEntityManagerFactoryBean : Initialized JPA EntityManagerFactory for persistence unit 'default'
2025-04-07T15:13:04.138+02:00  INFO 51020 --- [hstime] [           main] eAuthenticationProviderManagerConfigurer : Global AuthenticationManager configured with AuthenticationProvider bean with name authenticationProvider
2025-04-07T15:13:04.139+02:00  WARN 51020 --- [hstime] [           main] r$InitializeUserDetailsManagerConfigurer : Global AuthenticationManager configured with an AuthenticationProvider bean. UserDetailsService beans will not be used by Spring Security for automatically configuring username/password login. Consider removing the AuthenticationProvider bean. Alternatively, consider using the UserDetailsService in a manually instantiated DaoAuthenticationProvider. If the current configuration is intentional, to turn off this warning, increase the logging level of 'org.springframework.security.config.annotation.authentication.configuration.InitializeUserDetailsBeanManagerConfigurer' to ERROR
2025-04-07T15:13:04.379+02:00  WARN 51020 --- [hstime] [           main] JpaBaseConfiguration$JpaWebConfiguration : spring.jpa.open-in-view is enabled by default. Therefore, database queries may be performed during view rendering. Explicitly configure spring.jpa.open-in-view to disable this warning
2025-04-07T15:13:05.319+02:00  INFO 51020 --- [hstime] [           main] c.project.hstime.HstimeApplicationTests  : Started HstimeApplicationTests in 4.561 seconds (process running for 5.263)
]]></system-out>
  </testcase>
</testsuite>